Build started 03/05/2018 13:16:28.
     1>Project "C:\Users\CJ\Desktop\GraphicsCW2\GraphicsWork\gldemo.vcxproj" on node 2 (Build target(s)).
     1>ClCompile:
         C:\Program Files (x86)\Microsoft Visual Studio 12.0\VC\bin\CL.exe /c /ZI /nologo /W3 /WX- /sdl /Od /Oy- /D WIN32 /D _DEBUG /D _CONSOLE /D _LIB /D _UNICODE /D UNICODE /Gm /EHsc /RTC1 /MDd /GS /fp:precise /Zc:wchar_t /Zc:forScope /Yc"stdafx.h" /Fp"Debug\gldemo.pch" /Fo"Debug\\" /Fd"Debug\vc120.pdb" /Gd /TP /analyze- /errorReport:prompt stdafx.cpp
         stdafx.cpp
         C:\Program Files (x86)\Microsoft Visual Studio 12.0\VC\bin\CL.exe /c /ZI /nologo /W3 /WX- /sdl /Od /Oy- /D WIN32 /D _DEBUG /D _CONSOLE /D _LIB /D _UNICODE /D UNICODE /Gm /EHsc /RTC1 /MDd /GS /fp:precise /Zc:wchar_t /Zc:forScope /Yu"stdafx.h" /Fp"Debug\gldemo.pch" /Fo"Debug\\" /Fd"Debug\vc120.pdb" /Gd /TP /analyze- /errorReport:prompt gldemo.cpp shader_setup.cpp texture_loader.cpp
         texture_loader.cpp
         shader_setup.cpp
         gldemo.cpp
     1>c:\users\cj\desktop\graphicscw2\graphicswork\gldemo.cpp(44): warning C4305: 'initializing' : truncation from 'double' to 'float'
     1>c:\users\cj\desktop\graphicscw2\graphicswork\gldemo.cpp(119): warning C4305: 'initializing' : truncation from 'double' to 'GLfloat'
     1>c:\users\cj\desktop\graphicscw2\graphicswork\gldemo.cpp(120): warning C4305: 'initializing' : truncation from 'double' to 'GLfloat'
     1>c:\users\cj\desktop\graphicscw2\graphicswork\gldemo.cpp(121): warning C4305: 'initializing' : truncation from 'double' to 'GLfloat'
     1>c:\users\cj\desktop\graphicscw2\graphicswork\gldemo.cpp(126): warning C4305: 'initializing' : truncation from 'double' to 'GLfloat'
     1>c:\users\cj\desktop\graphicscw2\graphicswork\gldemo.cpp(128): warning C4305: 'initializing' : truncation from 'double' to 'GLfloat'
     1>c:\users\cj\desktop\graphicscw2\graphicswork\gldemo.cpp(134): warning C4305: 'initializing' : truncation from 'double' to 'GLfloat'
     1>c:\users\cj\desktop\graphicscw2\graphicswork\gldemo.cpp(136): warning C4305: 'initializing' : truncation from 'double' to 'GLfloat'
     1>c:\users\cj\desktop\graphicscw2\graphicswork\gldemo.cpp(414): warning C4305: 'argument' : truncation from 'double' to 'GLfloat'
     1>c:\users\cj\desktop\graphicscw2\graphicswork\gldemo.cpp(447): warning C4305: '=' : truncation from 'double' to 'float'
     1>c:\users\cj\desktop\graphicscw2\graphicswork\gldemo.cpp(453): warning C4305: '=' : truncation from 'double' to 'float'
     1>c:\users\cj\desktop\graphicscw2\graphicswork\gldemo.cpp(458): warning C4244: '=' : conversion from 'double' to 'float', possible loss of data
     1>c:\users\cj\desktop\graphicscw2\graphicswork\gldemo.cpp(463): warning C4244: '=' : conversion from 'double' to 'float', possible loss of data
     1>c:\users\cj\desktop\graphicscw2\graphicswork\gldemo.cpp(588): warning C4305: 'initializing' : truncation from 'double' to 'GLfloat'
     1>c:\users\cj\desktop\graphicscw2\graphicswork\gldemo.cpp(590): warning C4305: 'initializing' : truncation from 'double' to 'GLfloat'
     1>c:\users\cj\desktop\graphicscw2\graphicswork\gldemo.cpp(626): warning C4305: 'initializing' : truncation from 'double' to 'GLfloat'
     1>c:\users\cj\desktop\graphicscw2\graphicswork\gldemo.cpp(628): warning C4305: 'initializing' : truncation from 'double' to 'GLfloat'
     1>c:\users\cj\desktop\graphicscw2\graphicswork\gldemo.cpp(630): warning C4305: 'initializing' : truncation from 'double' to 'GLfloat'
     1>c:\users\cj\desktop\graphicscw2\graphicswork\gldemo.cpp(646): warning C4305: 'initializing' : truncation from 'double' to 'GLfloat'
     1>c:\users\cj\desktop\graphicscw2\graphicswork\gldemo.cpp(648): warning C4305: 'initializing' : truncation from 'double' to 'GLfloat'
     1>c:\users\cj\desktop\graphicscw2\graphicswork\gldemo.cpp(650): warning C4305: 'initializing' : truncation from 'double' to 'GLfloat'
     1>c:\users\cj\desktop\graphicscw2\graphicswork\gldemo.cpp(663): warning C4305: '=' : truncation from 'double' to 'float'
     1>c:\users\cj\desktop\graphicscw2\graphicswork\gldemo.cpp(666): warning C4305: '=' : truncation from 'double' to 'float'
     1>c:\users\cj\desktop\graphicscw2\graphicswork\gldemo.cpp(673): warning C4305: '=' : truncation from 'double' to 'float'
     1>c:\users\cj\desktop\graphicscw2\graphicswork\gldemo.cpp(676): warning C4305: '=' : truncation from 'double' to 'float'
     1>c:\users\cj\desktop\graphicscw2\graphicswork\gldemo.cpp(682): warning C4305: '=' : truncation from 'double' to 'float'
     1>c:\users\cj\desktop\graphicscw2\graphicswork\gldemo.cpp(685): warning C4305: '=' : truncation from 'double' to 'float'
         Generating Code...
       Link:
         C:\Program Files (x86)\Microsoft Visual Studio 12.0\VC\bin\link.exe /ERRORREPORT:PROMPT /OUT:"C:\Users\CJ\Desktop\GraphicsCW2\GraphicsWork\Debug\gldemo.exe" /INCREMENTAL /NOLOGO FreeImage\FreeImagePlus.lib windowscodecs.lib CoreStructures\CoreStructures.lib freeglut\freeglut.lib glew\glew32.lib CGImport3.lib kernel32.lib user32.lib gdi32.lib winspool.lib comdlg32.lib advapi32.lib shell32.lib ole32.lib oleaut32.lib uuid.lib odbc32.lib odbccp32.lib /MANIFEST /MANIFESTUAC:"level='asInvoker' uiAccess='false'" /manifest:embed /DEBUG /PDB:"C:\Users\CJ\Desktop\GraphicsCW2\GraphicsWork\Debug\gldemo.pdb" /SUBSYSTEM:CONSOLE /TLBID:1 /DYNAMICBASE /NXCOMPAT /IMPLIB:"C:\Users\CJ\Desktop\GraphicsCW2\GraphicsWork\Debug\gldemo.lib" /MACHINE:X86 Debug\gldemo.obj
         Debug\shader_setup.obj
         Debug\stdafx.obj
         Debug\texture_loader.obj
     1>CoreStructures.lib(GUObject.obj) : warning LNK4204: 'C:\Users\CJ\Desktop\GraphicsCW2\GraphicsWork\Debug\vc120.pdb' is missing debugging information for referencing module; linking object as if no debug info
     1>CoreStructures.lib(GUPivotCamera.obj) : warning LNK4204: 'C:\Users\CJ\Desktop\GraphicsCW2\GraphicsWork\Debug\vc120.pdb' is missing debugging information for referencing module; linking object as if no debug info
     1>CoreStructures.lib(GUAxisAngle.obj) : warning LNK4204: 'C:\Users\CJ\Desktop\GraphicsCW2\GraphicsWork\Debug\vc120.pdb' is missing debugging information for referencing module; linking object as if no debug info
     1>CoreStructures.lib(GUMatrix4.obj) : warning LNK4204: 'C:\Users\CJ\Desktop\GraphicsCW2\GraphicsWork\Debug\vc120.pdb' is missing debugging information for referencing module; linking object as if no debug info
     1>CoreStructures.lib(GUMemory.obj) : warning LNK4204: 'C:\Users\CJ\Desktop\GraphicsCW2\GraphicsWork\Debug\vc120.pdb' is missing debugging information for referencing module; linking object as if no debug info
     1>CoreStructures.lib(GUQuaternion.obj) : warning LNK4204: 'C:\Users\CJ\Desktop\GraphicsCW2\GraphicsWork\Debug\vc120.pdb' is missing debugging information for referencing module; linking object as if no debug info
     1>CoreStructures.lib(GUVector4.obj) : warning LNK4204: 'C:\Users\CJ\Desktop\GraphicsCW2\GraphicsWork\Debug\vc120.pdb' is missing debugging information for referencing module; linking object as if no debug info
     1>CoreStructures.lib(GUViewFrustum.obj) : warning LNK4204: 'C:\Users\CJ\Desktop\GraphicsCW2\GraphicsWork\Debug\vc120.pdb' is missing debugging information for referencing module; linking object as if no debug info
         gldemo.vcxproj -> C:\Users\CJ\Desktop\GraphicsCW2\GraphicsWork\Debug\gldemo.exe
     1>Done Building Project "C:\Users\CJ\Desktop\GraphicsCW2\GraphicsWork\gldemo.vcxproj" (Build target(s)).

Build succeeded.

Time Elapsed 00:00:02.76
